<?xml version="1.0" encoding="UTF-8"?>
<testsuite xmlns:xsi="http://www.w3.org/2001/XMLSchema-instance" xsi:noNamespaceSchemaLocation="https://maven.apache.org/surefire/maven-surefire-plugin/xsd/surefire-test-report.xsd" name="com.bestbuy.playground.tests.products.get_product.GetProductsTest" time="0.399" tests="2" errors="0" skipped="0" failures="0">
  <properties>
[...]
</properties>
  <testcase name="ShouldReturnProductWithSpecificId" classname="com.bestbuy.playground.tests.products.get_product.GetProductsTest" time="0.03"/>
  <testcase name="ShouldReturnAllProducts" classname="com.bestbuy.playground.tests.products.get_product.GetProductsTest" time="0.239"/>
</testsuite>